"E:/UnrealEngine_Projects/ProjectChronos/Content/2DSideScrollerBP/Source/Weapons/T_Dot.uasset" 0
"E:/UnrealEngine_Projects/ProjectChronos/Content/2DSideScrollerBP/Source/Weapons/T_Flame.uasset" 1
"E:/UnrealEngine_Projects/ProjectChronos/Content/2DSideScrollerBP/Source/Weapons/T_Sparkle.uasset" 2
"E:/UnrealEngine_Projects/ProjectChronos/Content/2DSideScrollerBP/Source/Weapons/T_Square.uasset" 3
"E:/UnrealEngine_Projects/ProjectChronos/Content/2DSideScrollerBP/Source/Sprites/Characters/Character.uasset" 4
"E:/UnrealEngine_Projects/ProjectChronos/Content/2DSideScrollerBP/Source/Sprites/Characters/Character_Sprite_5.uasset" 5
"E:/UnrealEngine_Projects/ProjectChronos/Content/2DSideScrollerBP/Source/Sprites/Characters/Character_Sprite_6.uasset" 6
"E:/UnrealEngine_Projects/ProjectChronos/Content/2DSideScrollerBP/Source/Sprites/Characters/Character_Sprite_7.uasset" 7
"E:/UnrealEngine_Projects/ProjectChronos/Content/2DSideScrollerBP/Source/Sprites/Characters/Character_Sprite_11.uasset" 8
"E:/UnrealEngine_Projects/ProjectChronos/Content/2DSideScrollerBP/Source/Sprites/Characters/Character_Sprite_12.uasset" 9
"E:/UnrealEngine_Projects/ProjectChronos/Content/2DSideScrollerBP/Source/Sprites/Characters/Character_Sprite_13.uasset" 10
"E:/UnrealEngine_Projects/ProjectChronos/Content/2DSideScrollerBP/Source/Sprites/Characters/Character_Sprite_14.uasset" 11
"E:/UnrealEngine_Projects/ProjectChronos/Content/2DSideScrollerBP/Source/Sprites/Characters/Character_Sprite_15.uasset" 12
"E:/UnrealEngine_Projects/ProjectChronos/Content/2DSideScrollerBP/Source/Sprites/Characters/Character_Sprite_16.uasset" 13
"E:/UnrealEngine_Projects/ProjectChronos/Content/2DSideScrollerBP/Source/Sprites/Characters/Character_Sprite_17.uasset" 14
"E:/UnrealEngine_Projects/ProjectChronos/Content/2DSideScrollerBP/Source/Sprites/Characters/Character_Sprite_18.uasset" 15
"E:/UnrealEngine_Projects/ProjectChronos/Content/2DSideScrollerBP/Source/Sprites/Characters/Character_Sprite_19.uasset" 16
"E:/UnrealEngine_Projects/ProjectChronos/Content/2DSideScrollerBP/Source/Sprites/Characters/Character_Sprite_23.uasset" 17
"E:/UnrealEngine_Projects/ProjectChronos/Content/2DSideScrollerBP/Source/Sprites/Env/Tiles.uasset" 18
"E:/UnrealEngine_Projects/ProjectChronos/Content/2DSideScrollerBP/Source/Sprites/Env/Block_A_2.uasset" 19
"E:/UnrealEngine_Projects/ProjectChronos/Content/2DSideScrollerBP/Source/Sprites/Env/Block_A_6.uasset" 20
"E:/UnrealEngine_Projects/ProjectChronos/Content/2DSideScrollerBP/Source/Sprites/Env/Block_A_7.uasset" 21
"E:/UnrealEngine_Projects/ProjectChronos/Content/2DSideScrollerBP/Source/Sprites/Env/Block_A_8.uasset" 22
"E:/UnrealEngine_Projects/ProjectChronos/Content/2DSideScrollerBP/Source/Sprites/Env/Tiles_Sprite_1.uasset" 23
"E:/UnrealEngine_Projects/ProjectChronos/Content/2DSideScrollerBP/Source/Sprites/Env/Tiles_Sprite_10.uasset" 24
"E:/UnrealEngine_Projects/ProjectChronos/Content/2DSideScrollerBP/Source/Sprites/Env/Tiles_Sprite_11.uasset" 25
"E:/UnrealEngine_Projects/ProjectChronos/Content/2DSideScrollerBP/Source/Sprites/Env/Tiles_Sprite_12.uasset" 26
"E:/UnrealEngine_Projects/ProjectChronos/Content/2DSideScrollerBP/Source/Sprites/Env/Tiles_Sprite_13.uasset" 27
"E:/UnrealEngine_Projects/ProjectChronos/Content/2DSideScrollerBP/Source/Sprites/Env/Tiles_Sprite_14.uasset" 28
"E:/UnrealEngine_Projects/ProjectChronos/Content/2DSideScrollerBP/Source/Sprites/Env/Tiles_Sprite_16.uasset" 29
"E:/UnrealEngine_Projects/ProjectChronos/Content/2DSideScrollerBP/Source/Sprites/Env/Tiles_Sprite_18.uasset" 30
"E:/UnrealEngine_Projects/ProjectChronos/Content/2DSideScrollerBP/Source/Sprites/Env/Tiles_Sprite_19.uasset" 31
"E:/UnrealEngine_Projects/ProjectChronos/Content/2DSideScrollerBP/Source/Sprites/Env/Tiles_Sprite_2.uasset" 32
"E:/UnrealEngine_Projects/ProjectChronos/Content/2DSideScrollerBP/Source/Sprites/Env/Tiles_Sprite_20.uasset" 33
"E:/UnrealEngine_Projects/ProjectChronos/Content/2DSideScrollerBP/Source/Sprites/Env/Tiles_Sprite_21.uasset" 34
"E:/UnrealEngine_Projects/ProjectChronos/Content/2DSideScrollerBP/Source/Sprites/Env/Tiles_Sprite_22.uasset" 35
"E:/UnrealEngine_Projects/ProjectChronos/Content/2DSideScrollerBP/Source/Sprites/Env/Tiles_Sprite_23.uasset" 36
"E:/UnrealEngine_Projects/ProjectChronos/Content/2DSideScrollerBP/Source/Sprites/Env/Tiles_Sprite_24.uasset" 37
"E:/UnrealEngine_Projects/ProjectChronos/Content/2DSideScrollerBP/Source/Sprites/Env/Tiles_Sprite_25.uasset" 38
"E:/UnrealEngine_Projects/ProjectChronos/Content/2DSideScrollerBP/Source/Sprites/Env/Tiles_Sprite_26.uasset" 39
"E:/UnrealEngine_Projects/ProjectChronos/Content/2DSideScrollerBP/Source/Sprites/Env/Tiles_Sprite_27.uasset" 40
"E:/UnrealEngine_Projects/ProjectChronos/Content/2DSideScrollerBP/Source/Sprites/Env/Tiles_Sprite_28.uasset" 41
"E:/UnrealEngine_Projects/ProjectChronos/Content/2DSideScrollerBP/Source/Sprites/Env/Tiles_Sprite_29.uasset" 42
"E:/UnrealEngine_Projects/ProjectChronos/Content/2DSideScrollerBP/Source/Sprites/Env/Tiles_Sprite_3.uasset" 43
"E:/UnrealEngine_Projects/ProjectChronos/Content/2DSideScrollerBP/Source/Sprites/Env/Tiles_Sprite_30.uasset" 44
"E:/UnrealEngine_Projects/ProjectChronos/Content/2DSideScrollerBP/Source/Sprites/Env/Tiles_Sprite_31.uasset" 45
"E:/UnrealEngine_Projects/ProjectChronos/Content/2DSideScrollerBP/Source/Sprites/Env/Tiles_Sprite_32.uasset" 46
"E:/UnrealEngine_Projects/ProjectChronos/Content/2DSideScrollerBP/Source/Sprites/Env/Tiles_Sprite_33.uasset" 47
"E:/UnrealEngine_Projects/ProjectChronos/Content/2DSideScrollerBP/Source/Sprites/Env/Tiles_Sprite_34.uasset" 48
"E:/UnrealEngine_Projects/ProjectChronos/Content/2DSideScrollerBP/Source/Sprites/Env/Tiles_Sprite_35.uasset" 49
"E:/UnrealEngine_Projects/ProjectChronos/Content/2DSideScrollerBP/Source/Sprites/Env/Tiles_Sprite_36.uasset" 50
"E:/UnrealEngine_Projects/ProjectChronos/Content/2DSideScrollerBP/Source/Sprites/Env/Tiles_Sprite_37.uasset" 51
"E:/UnrealEngine_Projects/ProjectChronos/Content/2DSideScrollerBP/Source/Sprites/Env/Tiles_Sprite_38.uasset" 52
"E:/UnrealEngine_Projects/ProjectChronos/Content/2DSideScrollerBP/Source/Sprites/Env/Tiles_Sprite_39.uasset" 53
"E:/UnrealEngine_Projects/ProjectChronos/Content/2DSideScrollerBP/Source/Sprites/Env/Tiles_Sprite_4.uasset" 54
"E:/UnrealEngine_Projects/ProjectChronos/Content/2DSideScrollerBP/Source/Sprites/Env/Tiles_Sprite_5.uasset" 55
"E:/UnrealEngine_Projects/ProjectChronos/Content/2DSideScrollerBP/Source/Sprites/Env/Tiles_Sprite_6.uasset" 56
"../../Plugins/2D/Paper2D/Content/DefaultSpriteMaterial.uasset" 57
"../../Plugins/2D/Paper2D/Content/TranslucentUnlitSpriteMaterial.uasset" 58
"E:/UnrealEngine_Projects/ProjectChronos/Content/2DSideScrollerBP/Source/Sprites/Env/Tiles_Sprite_7.uasset" 59
"E:/UnrealEngine_Projects/ProjectChronos/Content/2DSideScrollerBP/Source/Sprites/Env/Tiles_Sprite_8.uasset" 60
"E:/UnrealEngine_Projects/ProjectChronos/Content/2DSideScrollerBP/Source/Sprites/Env/Tiles_Sprite_9.uasset" 61
"E:/UnrealEngine_Projects/ProjectChronos/Content/2DSideScrollerBP/Source/Materials/M_ShotMaterial.uasset" 62
"E:/UnrealEngine_Projects/ProjectChronos/Content/2dSideScroller/Textures/2DBackgroundTile.uasset" 63
"E:/UnrealEngine_Projects/ProjectChronos/Content/2DSideScroller/Materials/PrototypingSpriteMaterial.uasset" 64
"E:/UnrealEngine_Projects/ProjectChronos/Content/2DSideScroller/Sprites/PrototypingSprite.uasset" 65
"../../../Engine/Content/Functions/Engine_MaterialFunctions01/Opacity/CameraDepthFade.uasset" 66
"../../../Engine/Content/EngineMaterials/T_Default_Material_Grid_M.uasset" 67
"../../../Engine/Content/EngineMaterials/T_Default_Material_Grid_N.uasset" 68
"../../../Engine/Content/EngineMaterials/WorldGridMaterial.uasset" 69
"../../../Engine/Content/ArtTools/RenderToTexture/Meshes/S_1_Unit_Plane.uasset" 70
"../../../Engine/Content/EngineMaterials/DefaultMaterial.uasset" 71
"../../../Engine/Content/BasicShapes/Cone.uasset" 72
"../../../Engine/Content/BasicShapes/Cube.uasset" 73
"../../../Engine/Content/BasicShapes/Cylinder.uasset" 74
"../../../Engine/Content/BasicShapes/Plane.uasset" 75
"../../../Engine/Content/BasicShapes/Sphere.uasset" 76
"../../../Engine/Content/EditorLandscapeResources/DataLayer.uasset" 77
"../../../Engine/Content/EditorMaterials/GizmoMaterial.uasset" 78
"../../../Engine/Content/EditorMaterials/MAT_Groups_Toggle.uasset" 79
"../../../Engine/Content/EditorMaterials/MAT_Groups_Visibility.uasset" 80
"../../../Engine/Content/EditorMaterials/PreviewShadowIndicator.uasset" 81
"../../../Engine/Content/EditorMaterials/PreviewShadowIndicatorMaterial.uasset" 82
"../../../Engine/Content/EditorMaterials/MatineeGroups/MAT_ColorTrack.uasset" 83
"../../../Engine/Content/EditorMaterials/MatineeGroups/MAT_Groups_Anim.uasset" 84
"../../../Engine/Content/EditorMaterials/MatineeGroups/MAT_Groups_AudioMaster.uasset" 85
"../../../Engine/Content/EditorMaterials/MatineeGroups/MAT_Groups_Director.uasset" 86
"../../../Engine/Content/EditorMaterials/MatineeGroups/MAT_Groups_Event.uasset" 87
"../../../Engine/Content/EditorMaterials/MatineeGroups/MAT_Groups_Fade.uasset" 88
"../../../Engine/Content/EditorMaterials/MatineeGroups/MAT_Groups_Float.uasset" 89
"../../../Engine/Content/EditorMaterials/MatineeGroups/MAT_Groups_Move.uasset" 90
"../../../Engine/Content/EditorMaterials/MatineeGroups/MAT_Groups_Slomo.uasset" 91
"../../../Engine/Content/EditorMaterials/MatineeGroups/MAT_Groups_Sound.uasset" 92
"../../../Engine/Content/EditorMaterials/MatineeGroups/MAT_Groups_Vector.uasset" 93
"../../../Engine/Content/EditorMaterials/ParticleSystems/PSysThumbnail_NoImage.uasset" 94
"../../../Engine/Content/EditorMaterials/ParticleSystems/PSysThumbnail_OOD.uasset" 95
"../../../Engine/Content/EditorMaterials/Camera/CineMat.uasset" 96
"../../../Engine/Content/EditorMaterials/Camera/MI_CineMat_Rig.uasset" 97
"../../../Engine/Content/EditorMeshes/Camera/SM_CraneRig_Arm.uasset" 98
"../../../Engine/Content/EditorMeshes/Camera/SM_CraneRig_Base.uasset" 99
"../../../Engine/Content/EditorMeshes/Camera/SM_CraneRig_Body.uasset" 100
"../../../Engine/Content/EditorMeshes/Camera/SM_CraneRig_Mount.uasset" 101
"../../../Engine/Content/EditorMeshes/Camera/SM_RailRig_Mount.uasset" 102
"../../../Engine/Content/EditorMeshes/Camera/SM_RailRig_Track.uasset" 103
"../../../Engine/Content/EditorResources/BSPVertex.uasset" 104
"../../../Engine/Content/EditorResources/EmptyActor.uasset" 105
"../../../Engine/Content/EditorResources/S_Actor.uasset" 106
"../../../Engine/Content/EditorResources/S_Trigger.uasset" 107
"../../../Engine/Content/EditorResources/LightIcons/S_LightError.uasset" 108
"../../../Engine/Content/EditorResources/SequenceRecorder/Countdown.uasset" 109
"../../../Engine/Content/EditorResources/SequenceRecorder/RecordingIndicator.uasset" 110
"../../../Engine/Content/EditorSounds/Notifications/CompileFailed.uasset" 111
"../../../Engine/Content/EditorSounds/Notifications/CompileFailed_Cue.uasset" 112
"../../../Engine/Content/EditorSounds/Notifications/CompileSuccess.uasset" 113
"../../../Engine/Content/EditorSounds/Notifications/CompileStart_Cue.uasset" 114
"../../../Engine/Content/EditorSounds/Notifications/CompileSuccess_Cue.uasset" 115
"../../../Engine/Content/EngineDamageTypes/DmgTypeBP_Environmental.uasset" 116
"../../../Engine/Content/EngineDebugMaterials/HeatmapGradient.uasset" 117
"../../../Engine/Content/EngineDebugMaterials/BoneWeightMaterial.uasset" 118
"../../../Engine/Content/EngineDebugMaterials/ClothMaterial.uasset" 119
"../../../Engine/Content/EngineDebugMaterials/ClothMaterial_WF.uasset" 120
"../../../Engine/Content/EngineDebugMaterials/DebugEditorMaterial.uasset" 121
"../../../Engine/Content/EngineDebugMaterials/DebugMeshMaterial.uasset" 122
"../../../Engine/Content/EngineDebugMaterials/GeomMaterial.uasset" 123
"../../../Engine/Content/EngineDebugMaterials/M_SimpleTranslucent.uasset" 124
"../../../Engine/Content/EngineFonts/Faces/RobotoBold.uasset" 125
"../../../Engine/Content/EngineFonts/Faces/RobotoBoldItalic.uasset" 126
"../../../Engine/Content/EngineFonts/Faces/RobotoItalic.uasset" 127
"../../../Engine/Content/EngineFonts/Faces/RobotoLight.uasset" 128
"../../../Engine/Content/EngineFonts/Faces/RobotoRegular.uasset" 129
"../../../Engine/Content/EngineFonts/Roboto.uasset" 130
"../../../Engine/Content/EngineFonts/Faces/RobotoTiny.uasset" 131
"../../../Engine/Content/EngineFonts/RobotoTiny.uasset" 132
"../../../Engine/Content/EngineMaterials/BaseFlattenDiffuseMap.uasset" 133
"../../../Engine/Content/EngineMaterials/BaseFlattenEmissiveMap.uasset" 134
"../../../Engine/Content/EngineMaterials/BaseFlattenGrayscaleMap.uasset" 135
"../../../Engine/Content/EngineMaterials/BaseFlattenNormalMap.uasset" 136
"../../../Engine/Content/EngineMaterials/BaseFlattenMaterial.uasset" 137
"../../../Engine/Content/EngineMaterials/DefaultBloomKernel.uasset" 138
"../../../Engine/Content/EngineMaterials/DefaultBokeh.uasset" 139
"../../../Engine/Content/EngineMaterials/DefaultDiffuse.uasset" 140
"../../../Engine/Content/EngineMaterials/DefaultDeferredDecalMaterial.uasset" 141
"../../../Engine/Content/EngineMaterials/DefaultLightFunctionMaterial.uasset" 142
"../../../Engine/Content/EngineMaterials/DefaultPhysicalMaterial.uasset" 143
"../../../Engine/Content/Functions/Engine_MaterialFunctions02/Utility/BreakOutFloat2Components.uasset" 144
"../../../Engine/Content/EngineMaterials/DefaultPostProcessMaterial.uasset" 145
"../../../Engine/Content/EngineFonts/RobotoDistanceField.uasset" 146
"../../../Engine/Content/EngineMaterials/DefaultTextMaterialOpaque.uasset" 147
"../../../Engine/Content/EngineMaterials/DefaultWhiteGrid.uasset" 148
"../../../Engine/Content/EngineMaterials/EditorBrushMaterial.uasset" 149
"../../../Engine/Content/EngineMaterials/Good64x64TilingNoiseHighFreq.uasset" 150
"../../../Engine/Content/EngineMaterials/MiniFont.uasset" 151
"../../../Engine/Content/EngineMaterials/InvalidLightmapSettings.uasset" 152
"../../../Engine/Content/EngineMaterials/M_InvalidLightmapSettings.uasset" 153
"../../../Engine/Content/Functions/Engine_MaterialFunctions02/WorldPositionOffset/CameraOffset.uasset" 154
"../../../Engine/Content/EngineMaterials/PhAT_JointLimitMaterial.uasset" 155
"../../../Engine/Content/EngineMaterials/PreintegratedSkinBRDF.uasset" 156
"../../../Engine/Content/EngineMaterials/RemoveSurfaceMaterial.uasset" 157
"../../../Engine/Content/EngineMaterials/WeightMapPlaceholderTexture.uasset" 158
"../../../Engine/Content/EngineResources/WhiteSquareTexture.uasset" 159
"../../../Engine/Content/EngineMaterials/Widget3DPassThrough.uasset" 160
"../../../Engine/Content/EngineMaterials/Widget3DPassThrough_Masked.uasset" 161
"../../../Engine/Content/EngineMaterials/Widget3DPassThrough_Opaque.uasset" 162
"../../../Engine/Content/EngineMaterials/Widget3DPassThrough_Masked_OneSided.uasset" 163
"../../../Engine/Content/EngineMaterials/Widget3DPassThrough_Opaque_OneSided.uasset" 164
"../../../Engine/Content/EngineMaterials/Widget3DPassThrough_Translucent.uasset" 165
"../../../Engine/Content/EngineMaterials/Widget3DPassThrough_Translucent_OneSided.uasset" 166
"../../../Engine/Content/EngineMeshes/Cylinder.uasset" 167
"../../../Engine/Content/EngineMeshes/Sphere.uasset" 168
"../../../Engine/Content/EngineResources/Black.uasset" 169
"../../../Engine/Content/EngineResources/DefaultTexture.uasset" 170
"../../../Engine/Content/EngineResources/DefaultTextureCube.uasset" 171
"../../../Engine/Content/EngineResources/DefaultVolumeTexture2D.uasset" 172
"../../../Engine/Content/EngineResources/DefaultVolumeTexture.uasset" 173
"../../../Engine/Content/EngineResources/GradientTexture0.uasset" 174
"../../../Engine/Content/EngineSounds/Master.uasset" 175
"../../../Engine/Content/Functions/Engine_MaterialFunctions01/Shading/ConvertFromDiffSpec.uasset" 176
"../../../Engine/Content/Functions/Engine_MaterialFunctions01/Shading/PowerToRoughness.uasset" 177
"../../../Engine/Content/Maps/Templates/Thumbnails/Default.uasset" 178
"../../../Engine/Content/Maps/Templates/Thumbnails/VR-Basic.uasset" 179
"../../../Engine/Content/MobileResources/T_MobileControls_texture.uasset" 180
"../../../Engine/Content/MobileResources/T_MobileMenu2.uasset" 181
"../../../Engine/Content/MobileResources/HUD/AnalogHat.uasset" 182
"../../../Engine/Content/MobileResources/HUD/VirtualJoystick_Background.uasset" 183
"../../../Engine/Content/MobileResources/HUD/VirtualJoystick_Thumb.uasset" 184
"../../../Engine/Content/MobileResources/HUD/DefaultVirtualJoysticks.uasset" 185
"../../../Engine/Content/MobileResources/HUD/LeftVirtualJoystickOnly.uasset" 186
"../../../Engine/Content/MobileResources/HUD/MobileHUDButton1_off.uasset" 187
"../../../Engine/Content/MobileResources/HUD/MobileHUDButton1_on.uasset" 188
"../../../Engine/Content/MobileResources/HUD/MobileHUDButton2_off.uasset" 189
"../../../Engine/Content/MobileResources/HUD/MobileHUDButton2_on.uasset" 190
"../../../Engine/Content/MobileResources/HUD/MobileHUDButton3.uasset" 191
"../../../Engine/Content/MobileResources/HUD/MobileHUDButtonFire.uasset" 192
"../../../Engine/Content/MobileResources/HUD/MobileHUDDirectionPad.uasset" 193
"../../../Engine/Content/MobileResources/HUD/MobileHUDDirectionPad2.uasset" 194
"../../../Engine/Content/MobileResources/HUD/MobileHUDDirectionPad3.uasset" 195
"../../../Engine/Content/MobileResources/HUD/MobileHUDDirectionStick.uasset" 196
"../../../Engine/Content/MobileResources/HUD/T_Castle_ThumbstickInner.uasset" 197
"../../../Engine/Content/MobileResources/HUD/T_Castle_ThumbstickOutter.uasset" 198
"../../../Engine/Content/Tutorial/ContentIntroCurve.uasset" 199
"../../../Engine/Content/Tutorial/Basics/TutorialAssets/icon_tab_Levels_40x.uasset" 200
"../../../Engine/Content/Tutorial/BlueprintTutorials/TutorialAssets/Blueprint_64x.uasset" 201
"../../../Engine/Content/Tutorial/Foliage/TutorialAssets/Foliage.uasset" 202
"../../../Engine/Content/Tutorial/Landscape/TutorialAssets/Landscape.uasset" 203
"../../../Engine/Content/Tutorial/SubEditors/TutorialAssets/icon_ShowSkeletalMeshes_40x.uasset" 204
"../../../Engine/Content/Tutorial/SubEditors/TutorialAssets/TutorialMaterial.uasset" 205
"../../../Engine/Content/VREditor/LaserPointer/VR_LaserPower_01.uasset" 206
"../../../Engine/Content/VREditor/TransformGizmo/TransformGizmoMaterial.uasset" 207
"../../../Engine/Content/VREditor/TransformGizmo/TranslucentTransformGizmoMaterial.uasset" 208
"../../../Engine/Content/VREditor/TransformGizmo/BoundingBoxCorner.uasset" 209
"../../../Engine/Content/VREditor/TransformGizmo/BoundingBoxEdge.uasset" 210
"../../../Engine/Content/VREditor/TransformGizmo/PlaneTranslationHandle.uasset" 211
"../../../Engine/Content/VREditor/TransformGizmo/Main.uasset" 212
"../../../Engine/Content/VREditor/TransformGizmo/Xray.uasset" 213
"../../../Engine/Content/VREditor/TransformGizmo/SM_Sequencer_Key.uasset" 214
"../../../Engine/Content/VREditor/TransformGizmo/SM_Sequencer_Node.uasset" 215
"../../Plugins/2D/Paper2D/Content/PlaceholderTextures/DummySpriteTexture.uasset" 216
"../../Plugins/2D/Paper2D/Content/DummySprite.uasset" 217
"../../Plugins/2D/Paper2D/Content/DefaultPaperTerrainMaterial.uasset" 218
"../../Plugins/2D/Paper2D/Content/MaskedUnlitSpriteMaterial.uasset" 219
"../../Plugins/Runtime/Oculus/OculusVR/Content/Materials/PokeAHoleMaterial.uasset" 220
"../../Plugins/Runtime/Oculus/OculusVR/Content/Textures/GearVRController_AO.uasset" 221
"../../Plugins/Runtime/Oculus/OculusVR/Content/Textures/GearVRController_Color.uasset" 222
"../../Plugins/Runtime/Oculus/OculusVR/Content/Textures/GearVRController_Normal.uasset" 223
"../../Plugins/Runtime/Oculus/OculusVR/Content/Materials/GearVRControllerMaterial.uasset" 224
"../../Plugins/Runtime/Oculus/OculusVR/Content/Meshes/GearVrController.uasset" 225
"../../Plugins/Runtime/Oculus/OculusVR/Content/Textures/touchController_albedo.uasset" 226
"../../Plugins/Runtime/Oculus/OculusVR/Content/Textures/touchController_controlmap.uasset" 227
"../../Plugins/Runtime/Oculus/OculusVR/Content/Materials/touchController_mat.uasset" 228
"../../Plugins/Runtime/Oculus/OculusVR/Content/Meshes/LeftTouchController.uasset" 229
"../../Plugins/Runtime/Oculus/OculusVR/Content/Meshes/RiftHMD.uasset" 230
"../../Plugins/Runtime/Oculus/OculusVR/Content/Meshes/RightTouchController.uasset" 231
"../../../Engine/Content/EditorBlueprintResources/StandardMacros.uasset" 232
"E:/UnrealEngine_Projects/ProjectChronos/Content/2dSideScroller/Textures/2DCharacter_IdleAnimAtlas.uasset" 233
"E:/UnrealEngine_Projects/ProjectChronos/Content/2dSideScroller/Sprites/IdleFrames/IdleCycle1.uasset" 234
"E:/UnrealEngine_Projects/ProjectChronos/Content/2dSideScroller/Sprites/IdleFrames/IdleCycle2.uasset" 235
"E:/UnrealEngine_Projects/ProjectChronos/Content/2dSideScroller/Sprites/IdleFrames/IdleCycle3.uasset" 236
"E:/UnrealEngine_Projects/ProjectChronos/Content/2dSideScroller/Sprites/IdleFrames/IdleCycle4.uasset" 237
"E:/UnrealEngine_Projects/ProjectChronos/Content/2dSideScroller/Sprites/IdleFrames/IdleCycle5.uasset" 238
"E:/UnrealEngine_Projects/ProjectChronos/Content/2dSideScroller/Sprites/IdleFrames/IdleCycle6.uasset" 239
"E:/UnrealEngine_Projects/ProjectChronos/Content/2dSideScroller/Sprites/IdleFrames/IdleCycle7.uasset" 240
"E:/UnrealEngine_Projects/ProjectChronos/Content/2dSideScroller/Sprites/IdleFrames/IdleCycle8.uasset" 241
"E:/UnrealEngine_Projects/ProjectChronos/Content/2DSideScroller/Sprites/IdleAnimation.uasset" 242
"E:/UnrealEngine_Projects/ProjectChronos/Content/2dSideScroller/Textures/2DCharacter_RunAnimAtlas.uasset" 243
"E:/UnrealEngine_Projects/ProjectChronos/Content/2dSideScroller/Sprites/RunFrames/RunCycle_1.uasset" 244
"E:/UnrealEngine_Projects/ProjectChronos/Content/2dSideScroller/Sprites/RunFrames/RunCycle_10.uasset" 245
"E:/UnrealEngine_Projects/ProjectChronos/Content/2dSideScroller/Sprites/RunFrames/RunCycle_11.uasset" 246
"E:/UnrealEngine_Projects/ProjectChronos/Content/2dSideScroller/Sprites/RunFrames/RunCycle_12.uasset" 247
"E:/UnrealEngine_Projects/ProjectChronos/Content/2dSideScroller/Sprites/RunFrames/RunCycle_13.uasset" 248
"E:/UnrealEngine_Projects/ProjectChronos/Content/2dSideScroller/Sprites/RunFrames/RunCycle_14.uasset" 249
"E:/UnrealEngine_Projects/ProjectChronos/Content/2dSideScroller/Sprites/RunFrames/RunCycle_15.uasset" 250
"E:/UnrealEngine_Projects/ProjectChronos/Content/2dSideScroller/Sprites/RunFrames/RunCycle_16.uasset" 251
"E:/UnrealEngine_Projects/ProjectChronos/Content/2dSideScroller/Sprites/RunFrames/RunCycle_2.uasset" 252
"E:/UnrealEngine_Projects/ProjectChronos/Content/2dSideScroller/Sprites/RunFrames/RunCycle_3.uasset" 253
"E:/UnrealEngine_Projects/ProjectChronos/Content/2dSideScroller/Sprites/RunFrames/RunCycle_4.uasset" 254
"E:/UnrealEngine_Projects/ProjectChronos/Content/2dSideScroller/Sprites/RunFrames/RunCycle_5.uasset" 255
"E:/UnrealEngine_Projects/ProjectChronos/Content/2dSideScroller/Sprites/RunFrames/RunCycle_6.uasset" 256
"E:/UnrealEngine_Projects/ProjectChronos/Content/2dSideScroller/Sprites/RunFrames/RunCycle_7.uasset" 257
"E:/UnrealEngine_Projects/ProjectChronos/Content/2dSideScroller/Sprites/RunFrames/RunCycle_8.uasset" 258
"E:/UnrealEngine_Projects/ProjectChronos/Content/2dSideScroller/Sprites/RunFrames/RunCycle_9.uasset" 259
"E:/UnrealEngine_Projects/ProjectChronos/Content/2DSideScroller/Sprites/RunningAnimation.uasset" 260
"E:/UnrealEngine_Projects/ProjectChronos/Content/2DSideScrollerBP/Blueprints/2DSideScrollerCharacter.uasset" 261
"E:/UnrealEngine_Projects/ProjectChronos/Content/2DSideScrollerBP/Source/Weapons/T_Shot_00.uasset" 262
"E:/UnrealEngine_Projects/ProjectChronos/Content/2DSideScrollerBP/Source/Weapons/T_Shot_00_Sprite.uasset" 263
"E:/UnrealEngine_Projects/ProjectChronos/Content/2DSideScrollerBP/Source/Weapons/T_Shot_01.uasset" 264
"E:/UnrealEngine_Projects/ProjectChronos/Content/2DSideScrollerBP/Source/Weapons/T_Shot_01_Sprite.uasset" 265
"E:/UnrealEngine_Projects/ProjectChronos/Content/2DSideScrollerBP/Source/Weapons/A_Shot.uasset" 266
"E:/UnrealEngine_Projects/ProjectChronos/Content/2DSideScrollerBP/Source/Blueprints/BP_Shot.uasset" 267
"E:/UnrealEngine_Projects/ProjectChronos/Content/2DSideScrollerBP/Source/Blueprints/Char_States.uasset" 268
"E:/UnrealEngine_Projects/ProjectChronos/Content/2DSideScrollerBP/Source/Blueprints/Hud_Health.uasset" 269
"E:/UnrealEngine_Projects/ProjectChronos/Content/2DSideScrollerBP/Source/Sprites/Characters/Character_Sprite_22.uasset" 270
"E:/UnrealEngine_Projects/ProjectChronos/Content/2DSideScrollerBP/Source/Sprites/Characters/A_Dead.uasset" 271
"E:/UnrealEngine_Projects/ProjectChronos/Content/2DSideScrollerBP/Source/Sprites/Characters/Character_Sprite_20.uasset" 272
"E:/UnrealEngine_Projects/ProjectChronos/Content/2DSideScrollerBP/Source/Sprites/Characters/A_HitFrame.uasset" 273
"E:/UnrealEngine_Projects/ProjectChronos/Content/2DSideScrollerBP/Source/Sprites/Characters/Character_Sprite_4.uasset" 274
"E:/UnrealEngine_Projects/ProjectChronos/Content/2DSideScrollerBP/Source/Sprites/Characters/A_Jump.uasset" 275
"E:/UnrealEngine_Projects/ProjectChronos/Content/2DSideScrollerBP/Source/Sprites/Characters/Character_Sprite_10.uasset" 276
"E:/UnrealEngine_Projects/ProjectChronos/Content/2DSideScrollerBP/Source/Sprites/Characters/Character_Sprite_8.uasset" 277
"E:/UnrealEngine_Projects/ProjectChronos/Content/2DSideScrollerBP/Source/Sprites/Characters/Character_Sprite_9.uasset" 278
"E:/UnrealEngine_Projects/ProjectChronos/Content/2DSideScrollerBP/Source/Sprites/Characters/A_Run.uasset" 279
"E:/UnrealEngine_Projects/ProjectChronos/Content/2DSideScrollerBP/Source/Sprites/Characters/Character_Sprite_3.uasset" 280
"E:/UnrealEngine_Projects/ProjectChronos/Content/2DSideScrollerBP/Source/Sprites/Characters/A_Shoot.uasset" 281
"E:/UnrealEngine_Projects/ProjectChronos/Content/2DSideScrollerBP/Source/Sprites/Characters/Character_Sprite_21.uasset" 282
"E:/UnrealEngine_Projects/ProjectChronos/Content/2DSideScrollerBP/Source/Sprites/Characters/A_Sitting.uasset" 283
"E:/UnrealEngine_Projects/ProjectChronos/Content/2DSideScrollerBP/Source/Sprites/Characters/Character_Sprite_0.uasset" 284
"E:/UnrealEngine_Projects/ProjectChronos/Content/2DSideScrollerBP/Source/Sprites/Characters/Character_Sprite_1.uasset" 285
"E:/UnrealEngine_Projects/ProjectChronos/Content/2DSideScrollerBP/Source/Sprites/Characters/Character_Sprite_2.uasset" 286
"E:/UnrealEngine_Projects/ProjectChronos/Content/2DSideScrollerBP/Source/Sprites/Characters/A_Stance.uasset" 287
"E:/UnrealEngine_Projects/ProjectChronos/Content/2DSideScrollerBP/Source/Sprites/Sounds/ouch-sound-effect.uasset" 288
"E:/UnrealEngine_Projects/ProjectChronos/Content/2DSideScrollerBP/Source/Blueprints/BP_MainCH.uasset" 289
"E:/UnrealEngine_Projects/ProjectChronos/Content/2DSideScrollerBP/Blueprints/2DSideScrollerGameMode.uasset" 290
"E:/UnrealEngine_Projects/ProjectChronos/Content/2DSideScrollerBP/Maps/2DSideScrollerExampleMap_BuiltData.uasset" 291
"../../../Engine/Content/MapTemplates/Bokeh_5Sides.uasset" 292
"../../../Engine/Content/MapTemplates/T_ScreenDirt02_w.uasset" 293
"../../Plugins/2D/Paper2D/Content/OpaqueUnlitSpriteMaterial.uasset" 294
"E:/UnrealEngine_Projects/ProjectChronos/Content/2dSideScroller/Textures/2DBackground.uasset" 295
"E:/UnrealEngine_Projects/ProjectChronos/Content/2DSideScroller/Sprites/Background_Sprite.uasset" 296
"E:/UnrealEngine_Projects/ProjectChronos/Content/2dSideScroller/Textures/2DBackgroundBlockAtlas.uasset" 297
"E:/UnrealEngine_Projects/ProjectChronos/Content/2DSideScroller/Sprites/Ledge.uasset" 298
"E:/UnrealEngine_Projects/ProjectChronos/Content/2DSideScrollerBP/Maps/2DSideScrollerExampleMap.umap" 299
"E:/UnrealEngine_Projects/ProjectChronos/Content/2DSideScrollerBP/Source/Menus/W_MainMenu.uasset" 300
"E:/UnrealEngine_Projects/ProjectChronos/Content/2DSideScrollerBP/Source/Menus/H_MainMenu.uasset" 301
"E:/UnrealEngine_Projects/ProjectChronos/Content/2DSideScrollerBP/Source/Blueprints/CursorMode.uasset" 302
"E:/UnrealEngine_Projects/ProjectChronos/Content/2DSideScrollerBP/Source/Levels/Level_MainMenu.umap" 303
"../../../Engine/Content/EngineSky/C_Sky_Cloud_Color.uasset" 304
"../../../Engine/Content/EngineSky/C_Sky_Horizon_Color.uasset" 305
"../../../Engine/Content/EngineSky/C_Sky_Zenith_Color.uasset" 306
"../../../Engine/Content/EngineSky/T_Sky_Blue.uasset" 307
"../../../Engine/Content/EngineSky/T_Sky_Clouds_M.uasset" 308
"../../../Engine/Content/EngineSky/T_Sky_Stars.uasset" 309
"../../../Engine/Content/EngineSky/M_Sky_Panning_Clouds2.uasset" 310
"../../../Engine/Content/EngineSky/SM_SkySphere.uasset" 311
"../../../Engine/Content/EngineSky/BP_Sky_Sphere.uasset" 312
"E:/UnrealEngine_Projects/ProjectChronos/Content/2DSideScrollerBP/Source/Sprites/Env/Tiles_Sprite_15.uasset" 313
"E:/UnrealEngine_Projects/ProjectChronos/Content/2DSideScrollerBP/Source/Sprites/Env/Tiles_Sprite_17.uasset" 314
"E:/UnrealEngine_Projects/ProjectChronos/Content/2DSideScrollerBP/Source/Blueprints/BP_Trap.uasset" 315
"E:/UnrealEngine_Projects/ProjectChronos/Content/2DSideScrollerBP/Source/Levels/Level_00_BuiltData.uasset" 316
"E:/UnrealEngine_Projects/ProjectChronos/Content/2DSideScrollerBP/Source/Sprites/Env/Block_A_0.uasset" 317
"E:/UnrealEngine_Projects/ProjectChronos/Content/2DSideScrollerBP/Source/Sprites/Env/Block_A_1.uasset" 318
"E:/UnrealEngine_Projects/ProjectChronos/Content/2DSideScrollerBP/Source/Sprites/Env/Block_A_3.uasset" 319
"E:/UnrealEngine_Projects/ProjectChronos/Content/2DSideScrollerBP/Source/Sprites/Env/Block_A_4.uasset" 320
"E:/UnrealEngine_Projects/ProjectChronos/Content/2DSideScrollerBP/Source/Sprites/Env/Block_A_5.uasset" 321
"E:/UnrealEngine_Projects/ProjectChronos/Content/2DSideScrollerBP/Source/Sprites/Sounds/BeepBox-Song.uasset" 322
"E:/UnrealEngine_Projects/ProjectChronos/Content/2DSideScrollerBP/Source/Levels/Level_00.umap" 323
"../../../Engine/Content/Maps/Entry_BuiltData.uasset" 324
"../../../Engine/Content/Maps/Entry.umap" 325
